
=== Tue Jul 23 17:17:38 2019

Packages were changed.
Update Mode: mergeDefaultDependencies

The following packages were added:
  com.unity.ext.nunit@1.0.0
  com.unity.test-framework@1.0.16
  com.unity.ide.vscode@1.0.7
  com.unity.ide.visualstudio@1.0.11
  com.unity.ide.rider@1.0.8
  com.unity.ugui@1.0.0
  com.unity.modules.androidjni@1.0.0
The following packages were updated:
  com.unity.collab-proxy from version 1.2.9 to 1.2.16
  com.unity.textmeshpro from version 2.0.0 to 2.0.1
  com.unity.timeline from version 0.0.0-builtin to 1.1.0

=== Fri Jul 26 17:43:23 2019

Packages were changed.
Update Mode: mergeDefaultDependencies

The following packages were added:
  com.unity.ads@2.3.1
  com.unity.analytics@3.2.2
  com.unity.package-manager-ui@2.0.3
  com.unity.purchasing@2.0.3
