
=== Mon Apr 15 12:53:58 2019

Packages were changed.
Update Mode: mergeDefaultDependencies

The following packages were added:
  com.unity.ext.nunit@1.0.0
  com.unity.test-framework@1.0.9
  com.unity.ide.vscode@1.0.3
  com.unity.ide.visualstudio@1.0.3
  com.unity.ide.rider@1.0.2
  com.unity.modules.androidjni@1.0.0
The following packages were updated:
  com.unity.collab-proxy from version 1.2.9 to 1.2.16
  com.unity.package-manager-ui from version 0.0.0-builtin to 2.2.0
  com.unity.purchasing from version 2.0.1 to 2.0.6
  com.unity.timeline from version 0.0.0-builtin to 1.0.0

=== Fri Apr 26 13:18:55 2019

Packages were changed.
Update Mode: updateDependencies

The following packages were updated:
  com.unity.ide.visualstudio from version 1.0.3 to 1.0.5
  com.unity.ide.vscode from version 1.0.3 to 1.0.4
  com.unity.test-framework from version 1.0.9 to 1.0.11

=== Fri Apr 26 16:53:38 2019

Packages were changed.
Update Mode: resetToDefaultDependencies

The following packages were added:
  com.unity.analytics@3.2.2
  com.unity.purchasing@2.0.6
  com.unity.ads@2.0.8
  com.unity.textmeshpro@1.3.0
  com.unity.package-manager-ui@2.2.0
  com.unity.collab-proxy@1.2.16
  com.unity.timeline@1.0.0
  com.unity.modules.ai@1.0.0
  com.unity.modules.animation@1.0.0
  com.unity.modules.androidjni@1.0.0
  com.unity.modules.assetbundle@1.0.0
  com.unity.modules.audio@1.0.0
  com.unity.modules.cloth@1.0.0
  com.unity.modules.director@1.0.0
  com.unity.modules.imageconversion@1.0.0
  com.unity.modules.imgui@1.0.0
  com.unity.modules.jsonserialize@1.0.0
  com.unity.modules.particlesystem@1.0.0
  com.unity.modules.physics@1.0.0
  com.unity.modules.physics2d@1.0.0
  com.unity.modules.screencapture@1.0.0
  com.unity.modules.terrain@1.0.0
  com.unity.modules.terrainphysics@1.0.0
  com.unity.modules.tilemap@1.0.0
  com.unity.modules.ui@1.0.0
  com.unity.modules.uielements@1.0.0
  com.unity.modules.umbra@1.0.0
  com.unity.modules.unityanalytics@1.0.0
  com.unity.modules.unitywebrequest@1.0.0
  com.unity.modules.unitywebrequestassetbundle@1.0.0
  com.unity.modules.unitywebrequestaudio@1.0.0
  com.unity.modules.unitywebrequesttexture@1.0.0
  com.unity.modules.unitywebrequestwww@1.0.0
  com.unity.modules.vehicles@1.0.0
  com.unity.modules.video@1.0.0
  com.unity.modules.vr@1.0.0
  com.unity.modules.wind@1.0.0
  com.unity.modules.xr@1.0.0

=== Mon May 20 13:16:25 2019

Packages were changed.
Update Mode: resetToDefaultDependencies

The following packages were added:
  com.unity.analytics@3.2.2
  com.unity.purchasing@2.0.6
  com.unity.ads@2.0.8
  com.unity.textmeshpro@1.3.0
  com.unity.package-manager-ui@2.2.0
  com.unity.collab-proxy@1.2.16
  com.unity.timeline@1.0.0
  com.unity.modules.ai@1.0.0
  com.unity.modules.animation@1.0.0
  com.unity.modules.androidjni@1.0.0
  com.unity.modules.assetbundle@1.0.0
  com.unity.modules.audio@1.0.0
  com.unity.modules.cloth@1.0.0
  com.unity.modules.director@1.0.0
  com.unity.modules.imageconversion@1.0.0
  com.unity.modules.imgui@1.0.0
  com.unity.modules.jsonserialize@1.0.0
  com.unity.modules.particlesystem@1.0.0
  com.unity.modules.physics@1.0.0
  com.unity.modules.physics2d@1.0.0
  com.unity.modules.screencapture@1.0.0
  com.unity.modules.terrain@1.0.0
  com.unity.modules.terrainphysics@1.0.0
  com.unity.modules.tilemap@1.0.0
  com.unity.modules.ui@1.0.0
  com.unity.modules.uielements@1.0.0
  com.unity.modules.umbra@1.0.0
  com.unity.modules.unityanalytics@1.0.0
  com.unity.modules.unitywebrequest@1.0.0
  com.unity.modules.unitywebrequestassetbundle@1.0.0
  com.unity.modules.unitywebrequestaudio@1.0.0
  com.unity.modules.unitywebrequesttexture@1.0.0
  com.unity.modules.unitywebrequestwww@1.0.0
  com.unity.modules.vehicles@1.0.0
  com.unity.modules.video@1.0.0
  com.unity.modules.vr@1.0.0
  com.unity.modules.wind@1.0.0
  com.unity.modules.xr@1.0.0

=== Thu May 23 17:03:25 2019

Packages were changed.
Update Mode: updateDependencies

The following packages were added:
  com.unity.ide.vscode@1.0.4
  com.unity.ide.visualstudio@1.0.5
  com.unity.ide.rider@1.0.4
The following packages were updated:
  com.unity.analytics from version 3.2.2 to 3.3.2
  com.unity.textmeshpro from version 1.3.0 to 2.0.0
  com.unity.timeline from version 1.0.0 to 1.1.0

=== Mon Jul 29 20:13:46 2019

Packages were changed.
Update Mode: updateDependencies

The following packages were updated:
  com.unity.ide.visualstudio from version 1.0.5 to 1.0.11
  com.unity.ide.vscode from version 1.0.4 to 1.0.7
  com.unity.textmeshpro from version 2.0.0 to 2.0.1
The following packages were removed:
  com.unity.package-manager-ui@2.2.0
